To https://github.com/houseofmates/email.git
 ! [rejected]        main -> main (fetch first)
error: failed to push some refs to 'https://github.com/houseofmates/email.git'
hint: Updates were rejected because the remote contains work that you do not
hint: have locally. This is usually caused by another repository pushing to
hint: the same ref. If you want to integrate the remote changes, use
hint: 'git pull' before pushing again.
hint: See the 'Note about fast-forwards' in 'git push --help' for details.
fatal: refusing to merge unrelated histories
To https://github.com/houseofmates/email.git
 ! [rejected]          main -> main (non-fast-forward)
error: failed to push some refs to 'https://github.com/houseofmates/email.git'
hint: Updates were rejected because the tip of your current branch is behind
hint: its remote counterpart. If you want to integrate the remote changes,
hint: use 'git pull' before pushing again.
hint: See the 'Note about fast-forwards' in 'git push --help' for details.
fatal: refusing to merge unrelated histories
To https://github.com/houseofmates/email.git
 ! [rejected]          main -> main (non-fast-forward)
error: failed to push some refs to 'https://github.com/houseofmates/email.git'
hint: Updates were rejected because the tip of your current branch is behind
hint: its remote counterpart. If you want to integrate the remote changes,
hint: use 'git pull' before pushing again.
hint: See the 'Note about fast-forwards' in 'git push --help' for details.
fatal: refusing to merge unrelated histories
To https://github.com/houseofmates/email.git
 ! [rejected]          main -> main (non-fast-forward)
error: failed to push some refs to 'https://github.com/houseofmates/email.git'
hint: Updates were rejected because the tip of your current branch is behind
hint: its remote counterpart. If you want to integrate the remote changes,
hint: use 'git pull' before pushing again.
hint: See the 'Note about fast-forwards' in 'git push --help' for details.
fatal: refusing to merge unrelated histories
To https://github.com/houseofmates/email.git
 ! [rejected]          main -> main (non-fast-forward)
error: failed to push some refs to 'https://github.com/houseofmates/email.git'
hint: Updates were rejected because the tip of your current branch is behind
hint: its remote counterpart. If you want to integrate the remote changes,
hint: use 'git pull' before pushing again.
hint: See the 'Note about fast-forwards' in 'git push --help' for details.
fatal: refusing to merge unrelated histories
